Jun  3 14:47:34 C0d3s kernel: [26243.192230] usb usb3: root hub lost power or was reset
Jun  3 14:47:34 C0d3s kernel: [26243.192846] usb usb4: root hub lost power or was reset
Jun  3 14:47:34 C0d3s kernel: [26243.193027] usb usb5: root hub lost power or was reset
Jun  3 14:47:34 C0d3s kernel: [26243.193209] usb usb6: root hub lost power or was reset
Jun  3 14:47:34 C0d3s kernel: [26243.193391] usb usb7: root hub lost power or was reset
Jun  3 14:47:34 C0d3s kernel: [26243.420067] usb 2-4: reset high-speed USB device number 2 using ehci-pci
Jun  3 14:47:34 C0d3s kernel: [26243.664080] usb 2-5: reset high-speed USB device number 3 using ehci-pci
Jun  3 14:50:33 C0d3s kernel: [    0.585890] usbcore: registered new interface driver usbfs
Jun  3 14:50:33 C0d3s kernel: [    0.585890] usbcore: registered new interface driver hub
Jun  3 14:50:33 C0d3s kernel: [    0.585890] usbcore: registered new device driver usb
Jun  3 14:50:33 C0d3s kernel: [    3.008087] usb usb1: New USB device found, idVendor=1d6b, idProduct=0002
Jun  3 14:50:33 C0d3s kernel: [    3.008090] usb usb1: New USB device strings: Mfr=3, Product=2, SerialNumber=1
Jun  3 14:50:33 C0d3s kernel: [    3.008093] usb usb1: Product: EHCI Host Controller
Jun  3 14:50:33 C0d3s kernel: [    3.008095] usb usb1: Manufacturer: Linux 3.13.0-27-generic ehci_hcd
Jun  3 14:50:33 C0d3s kernel: [    3.008097] usb usb1: SerialNumber: 0000:00:1a.7
Jun  3 14:50:33 C0d3s kernel: [    3.024077] usb usb2: New USB device found, idVendor=1d6b, idProduct=0002
Jun  3 14:50:33 C0d3s kernel: [    3.024081] usb usb2: New USB device strings: Mfr=3, Product=2, SerialNumber=1
Jun  3 14:50:33 C0d3s kernel: [    3.024083] usb usb2: Product: EHCI Host Controller
Jun  3 14:50:33 C0d3s kernel: [    3.024085] usb usb2: Manufacturer: Linux 3.13.0-27-generic ehci_hcd
Jun  3 14:50:33 C0d3s kernel: [    3.024088] usb usb2: SerialNumber: 0000:00:1d.7
Jun  3 14:50:33 C0d3s kernel: [    3.024934] usb usb3: New USB device found, idVendor=1d6b, idProduct=0001
Jun  3 14:50:33 C0d3s kernel: [    3.024937] usb usb3: New USB device strings: Mfr=3, Product=2, SerialNumber=1
Jun  3 14:50:33 C0d3s kernel: [    3.024940] usb usb3: Product: UHCI Host Controller
Jun  3 14:50:33 C0d3s kernel: [    3.024942] usb usb3: Manufacturer: Linux 3.13.0-27-generic uhci_hcd
Jun  3 14:50:33 C0d3s kernel: [    3.024945] usb usb3: SerialNumber: 0000:00:1a.0
Jun  3 14:50:33 C0d3s kernel: [    3.025473] usb usb4: New USB device found, idVendor=1d6b, idProduct=0001
Jun  3 14:50:33 C0d3s kernel: [    3.025476] usb usb4: New USB device strings: Mfr=3, Product=2, SerialNumber=1
Jun  3 14:50:33 C0d3s kernel: [    3.025478] usb usb4: Product: UHCI Host Controller
Jun  3 14:50:33 C0d3s kernel: [    3.025481] usb usb4: Manufacturer: Linux 3.13.0-27-generic uhci_hcd
Jun  3 14:50:33 C0d3s kernel: [    3.025483] usb usb4: SerialNumber: 0000:00:1d.0
Jun  3 14:50:33 C0d3s kernel: [    3.026024] usb usb5: New USB device found, idVendor=1d6b, idProduct=0001
Jun  3 14:50:33 C0d3s kernel: [    3.026027] usb usb5: New USB device strings: Mfr=3, Product=2, SerialNumber=1
Jun  3 14:50:33 C0d3s kernel: [    3.026029] usb usb5: Product: UHCI Host Controller
Jun  3 14:50:33 C0d3s kernel: [    3.026032] usb usb5: Manufacturer: Linux 3.13.0-27-generic uhci_hcd
Jun  3 14:50:33 C0d3s kernel: [    3.026034] usb usb5: SerialNumber: 0000:00:1d.1
Jun  3 14:50:33 C0d3s kernel: [    3.026552] usb usb6: New USB device found, idVendor=1d6b, idProduct=0001
Jun  3 14:50:33 C0d3s kernel: [    3.026555] usb usb6: New USB device strings: Mfr=3, Product=2, SerialNumber=1
Jun  3 14:50:33 C0d3s kernel: [    3.026558] usb usb6: Product: UHCI Host Controller
Jun  3 14:50:33 C0d3s kernel: [    3.026560] usb usb6: Manufacturer: Linux 3.13.0-27-generic uhci_hcd
Jun  3 14:50:33 C0d3s kernel: [    3.026562] usb usb6: SerialNumber: 0000:00:1d.2
Jun  3 14:50:33 C0d3s kernel: [    3.027087] usb usb7: New USB device found, idVendor=1d6b, idProduct=0001
Jun  3 14:50:33 C0d3s kernel: [    3.027090] usb usb7: New USB device strings: Mfr=3, Product=2, SerialNumber=1
Jun  3 14:50:33 C0d3s kernel: [    3.027093] usb usb7: Product: UHCI Host Controller
Jun  3 14:50:33 C0d3s kernel: [    3.027095] usb usb7: Manufacturer: Linux 3.13.0-27-generic uhci_hcd
Jun  3 14:50:33 C0d3s kernel: [    3.027097] usb usb7: SerialNumber: 0000:00:1d.3
Jun  3 14:50:33 C0d3s kernel: [    3.336061] usb 2-4: new high-speed USB device number 2 using ehci-pci
Jun  3 14:50:33 C0d3s kernel: [    3.513125] usb 2-4: New USB device found, idVendor=064e, idProduct=a103
Jun  3 14:50:33 C0d3s kernel: [    3.513127] usb 2-4: New USB device strings: Mfr=2, Product=1, SerialNumber=3
Jun  3 14:50:33 C0d3s kernel: [    3.513129] usb 2-4: Product: Video WebCam
Jun  3 14:50:33 C0d3s kernel: [    3.513131] usb 2-4: Manufacturer: SuYin
Jun  3 14:50:33 C0d3s kernel: [    3.513133] usb 2-4: SerialNumber: CN0314-SN30-OV035-VA-R05.00.00
Jun  3 14:50:33 C0d3s kernel: [    3.624076] usb 2-5: new high-speed USB device number 3 using ehci-pci
Jun  3 14:50:33 C0d3s kernel: [    3.767240] usb 2-5: New USB device found, idVendor=0bda, idProduct=0159
Jun  3 14:50:33 C0d3s kernel: [    3.767242] usb 2-5: New USB device strings: Mfr=1, Product=2, SerialNumber=3
Jun  3 14:50:33 C0d3s kernel: [    3.767244] usb 2-5: Product: USB2.0-CRW
Jun  3 14:50:33 C0d3s kernel: [    3.767246] usb 2-5: Manufacturer: Generic
Jun  3 14:50:33 C0d3s kernel: [    3.767247] usb 2-5: SerialNumber: 20071114173400000
Jun  3 14:50:33 C0d3s kernel: [    3.775804] usbcore: registered new interface driver usb-storage
Jun  3 14:50:33 C0d3s kernel: [    3.788185] scsi0 : usb-storage 2-5:1.0
Jun  3 14:50:33 C0d3s kernel: [    3.788293] usbcore: registered new interface driver ums-realtek
Jun  3 14:50:33 C0d3s kernel: [   23.442069] input: Video WebCam as /devices/pci0000:00/0000:00:1d.7/usb2/2-4/2-4:1.0/input/input11
Jun  3 14:50:33 C0d3s kernel: [   23.442337] usbcore: registered new interface driver uvcvideo
Jun  3 15:17:07 C0d3s kernel: [    0.584296] usbcore: registered new interface driver usbfs
Jun  3 15:17:07 C0d3s kernel: [    0.584296] usbcore: registered new interface driver hub
Jun  3 15:17:07 C0d3s kernel: [    0.584296] usbcore: registered new device driver usb
Jun  3 15:17:07 C0d3s kernel: [    2.976084] usb usb1: New USB device found, idVendor=1d6b, idProduct=0002
Jun  3 15:17:07 C0d3s kernel: [    2.976087] usb usb1: New USB device strings: Mfr=3, Product=2, SerialNumber=1
Jun  3 15:17:07 C0d3s kernel: [    2.976090] usb usb1: Product: EHCI Host Controller
Jun  3 15:17:07 C0d3s kernel: [    2.976092] usb usb1: Manufacturer: Linux 3.13.0-27-generic ehci_hcd
Jun  3 15:17:07 C0d3s kernel: [    2.976094] usb usb1: SerialNumber: 0000:00:1a.7
Jun  3 15:17:07 C0d3s kernel: [    2.992103] usb usb2: New USB device found, idVendor=1d6b, idProduct=0002
Jun  3 15:17:07 C0d3s kernel: [    2.992106] usb usb2: New USB device strings: Mfr=3, Product=2, SerialNumber=1
Jun  3 15:17:07 C0d3s kernel: [    2.992109] usb usb2: Product: EHCI Host Controller
Jun  3 15:17:07 C0d3s kernel: [    2.992111] usb usb2: Manufacturer: Linux 3.13.0-27-generic ehci_hcd
Jun  3 15:17:07 C0d3s kernel: [    2.992113] usb usb2: SerialNumber: 0000:00:1d.7
Jun  3 15:17:07 C0d3s kernel: [    2.992963] usb usb3: New USB device found, idVendor=1d6b, idProduct=0001
Jun  3 15:17:07 C0d3s kernel: [    2.992966] usb usb3: New USB device strings: Mfr=3, Product=2, SerialNumber=1
Jun  3 15:17:07 C0d3s kernel: [    2.992968] usb usb3: Product: UHCI Host Controller
Jun  3 15:17:07 C0d3s kernel: [    2.992971] usb usb3: Manufacturer: Linux 3.13.0-27-generic uhci_hcd
Jun  3 15:17:07 C0d3s kernel: [    2.992973] usb usb3: SerialNumber: 0000:00:1a.0
Jun  3 15:17:07 C0d3s kernel: [    2.993506] usb usb4: New USB device found, idVendor=1d6b, idProduct=0001
Jun  3 15:17:07 C0d3s kernel: [    2.993509] usb usb4: New USB device strings: Mfr=3, Product=2, SerialNumber=1
Jun  3 15:17:07 C0d3s kernel: [    2.993512] usb usb4: Product: UHCI Host Controller
Jun  3 15:17:07 C0d3s kernel: [    2.993514] usb usb4: Manufacturer: Linux 3.13.0-27-generic uhci_hcd
Jun  3 15:17:07 C0d3s kernel: [    2.993517] usb usb4: SerialNumber: 0000:00:1d.0
Jun  3 15:17:07 C0d3s kernel: [    2.994069] usb usb5: New USB device found, idVendor=1d6b, idProduct=0001
Jun  3 15:17:07 C0d3s kernel: [    2.994072] usb usb5: New USB device strings: Mfr=3, Product=2, SerialNumber=1
Jun  3 15:17:07 C0d3s kernel: [    2.994075] usb usb5: Product: UHCI Host Controller
Jun  3 15:17:07 C0d3s kernel: [    2.994077] usb usb5: Manufacturer: Linux 3.13.0-27-generic uhci_hcd
Jun  3 15:17:07 C0d3s kernel: [    2.994080] usb usb5: SerialNumber: 0000:00:1d.1
Jun  3 15:17:07 C0d3s kernel: [    2.994596] usb usb6: New USB device found, idVendor=1d6b, idProduct=0001
Jun  3 15:17:07 C0d3s kernel: [    2.994599] usb usb6: New USB device strings: Mfr=3, Product=2, SerialNumber=1
Jun  3 15:17:07 C0d3s kernel: [    2.994602] usb usb6: Product: UHCI Host Controller
Jun  3 15:17:07 C0d3s kernel: [    2.994604] usb usb6: Manufacturer: Linux 3.13.0-27-generic uhci_hcd
Jun  3 15:17:07 C0d3s kernel: [    2.994607] usb usb6: SerialNumber: 0000:00:1d.2
Jun  3 15:17:07 C0d3s kernel: [    2.995153] usb usb7: New USB device found, idVendor=1d6b, idProduct=0001
Jun  3 15:17:07 C0d3s kernel: [    2.995156] usb usb7: New USB device strings: Mfr=3, Product=2, SerialNumber=1
Jun  3 15:17:07 C0d3s kernel: [    2.995159] usb usb7: Product: UHCI Host Controller
Jun  3 15:17:07 C0d3s kernel: [    2.995161] usb usb7: Manufacturer: Linux 3.13.0-27-generic uhci_hcd
Jun  3 15:17:07 C0d3s kernel: [    2.995163] usb usb7: SerialNumber: 0000:00:1d.3
Jun  3 15:17:07 C0d3s kernel: [    3.304058] usb 2-4: new high-speed USB device number 2 using ehci-pci
Jun  3 15:17:07 C0d3s kernel: [    3.477264] usb 2-4: New USB device found, idVendor=064e, idProduct=a103
Jun  3 15:17:07 C0d3s kernel: [    3.477267] usb 2-4: New USB device strings: Mfr=2, Product=1, SerialNumber=3
Jun  3 15:17:07 C0d3s kernel: [    3.477268] usb 2-4: Product: Video WebCam
Jun  3 15:17:07 C0d3s kernel: [    3.477270] usb 2-4: Manufacturer: SuYin
Jun  3 15:17:07 C0d3s kernel: [    3.477272] usb 2-4: SerialNumber: CN0314-SN30-OV035-VA-R05.00.00
Jun  3 15:17:07 C0d3s kernel: [   24.381742] input: Video WebCam as /devices/pci0000:00/0000:00:1d.7/usb2/2-4/2-4:1.0/input/input11
Jun  3 15:17:07 C0d3s kernel: [   24.381971] usbcore: registered new interface driver uvcvideo
Jun  3 17:37:08 C0d3s kernel: [ 8427.212089] usb 1-1: new high-speed USB device number 7 using ehci-pci
Jun  3 17:37:08 C0d3s kernel: [ 8427.344929] usb 1-1: New USB device found, idVendor=0e8d, idProduct=0002
Jun  3 17:37:08 C0d3s kernel: [ 8427.344938] usb 1-1: New USB device strings: Mfr=2, Product=3, SerialNumber=4
Jun  3 17:37:08 C0d3s kernel: [ 8427.344943] usb 1-1: Product: OT-800/
Jun  3 17:37:08 C0d3s kernel: [ 8427.344947] usb 1-1: Manufacturer: Alcatel
Jun  3 17:37:08 C0d3s kernel: [ 8427.344952] usb 1-1: SerialNumber: 317509428611220
Jun  3 17:37:08 C0d3s mtp-probe: checking bus 1, device 7: "/sys/devices/pci0000:00/0000:00:1a.7/usb1/1-1"
Jun  3 17:37:09 C0d3s kernel: [ 8428.156222] usb-storage 1-1:1.0: USB Mass Storage device detected
Jun  3 17:37:09 C0d3s kernel: [ 8428.156672] scsi6 : usb-storage 1-1:1.0
Jun  3 17:37:09 C0d3s kernel: [ 8428.156805] usbcore: registered new interface driver usb-storage
Jun  3 17:41:18 C0d3s kernel: [ 8677.327166] usb 1-1: USB disconnect, device number 7
Jun  3 17:41:19 C0d3s kernel: [ 8677.588061] usb 1-1: new high-speed USB device number 8 using ehci-pci
Jun  3 17:41:19 C0d3s kernel: [ 8678.116100] usb 1-1: device not accepting address 8, error -71
Jun  3 17:41:19 C0d3s kernel: [ 8678.436067] usb 3-1: new full-speed USB device number 2 using uhci_hcd
Jun  3 17:41:20 C0d3s kernel: [ 8678.579088] usb 3-1: not running at top speed; connect to a high speed hub
Jun  3 17:41:20 C0d3s kernel: [ 8678.606081] usb 3-1: New USB device found, idVendor=0e8d, idProduct=0002
Jun  3 17:41:20 C0d3s kernel: [ 8678.606088] usb 3-1: New USB device strings: Mfr=2, Product=3, SerialNumber=4
Jun  3 17:41:20 C0d3s kernel: [ 8678.606092] usb 3-1: Product: OT-800/
Jun  3 17:41:20 C0d3s kernel: [ 8678.606097] usb 3-1: Manufacturer: Alcatel
Jun  3 17:41:20 C0d3s kernel: [ 8678.606101] usb 3-1: SerialNumber: 317509428611220
Jun  3 17:41:20 C0d3s kernel: [ 8678.612156] usb-storage 3-1:1.0: USB Mass Storage device detected
Jun  3 17:41:20 C0d3s kernel: [ 8678.612316] scsi7 : usb-storage 3-1:1.0
Jun  3 17:41:20 C0d3s mtp-probe: checking bus 3, device 2: "/sys/devices/pci0000:00/0000:00:1a.0/usb3/3-1"
Jun  3 17:51:17 C0d3s kernel: [ 9276.340153] usb 3-1: USB disconnect, device number 2
Jun  3 17:51:38 C0d3s kernel: [ 9297.336104] usb 1-1: new high-speed USB device number 10 using ehci-pci
Jun  3 17:51:38 C0d3s kernel: [ 9297.468995] usb 1-1: New USB device found, idVendor=0e8d, idProduct=0002
Jun  3 17:51:38 C0d3s kernel: [ 9297.469005] usb 1-1: New USB device strings: Mfr=2, Product=3, SerialNumber=4
Jun  3 17:51:38 C0d3s kernel: [ 9297.469010] usb 1-1: Product: OT-800/
Jun  3 17:51:38 C0d3s kernel: [ 9297.469022] usb 1-1: Manufacturer: Alcatel
Jun  3 17:51:38 C0d3s kernel: [ 9297.469026] usb 1-1: SerialNumber: 317509428611220
Jun  3 17:51:38 C0d3s kernel: [ 9297.470187] usb-storage 1-1:1.0: USB Mass Storage device detected
Jun  3 17:51:38 C0d3s kernel: [ 9297.470467] scsi8 : usb-storage 1-1:1.0
Jun  3 17:51:38 C0d3s mtp-probe: checking bus 1, device 10: "/sys/devices/pci0000:00/0000:00:1a.7/usb1/1-1"
Jun  3 17:51:46 C0d3s kernel: [ 9305.004559] usb 1-1: USB disconnect, device number 10
Jun  3 17:51:46 C0d3s kernel: [ 9305.260113] usb 1-1: new high-speed USB device number 11 using ehci-pci
Jun  3 17:51:46 C0d3s kernel: [ 9305.393014] usb 1-1: New USB device found, idVendor=0e8d, idProduct=0002
Jun  3 17:51:46 C0d3s kernel: [ 9305.393023] usb 1-1: New USB device strings: Mfr=2, Product=3, SerialNumber=4
Jun  3 17:51:46 C0d3s kernel: [ 9305.393027] usb 1-1: Product: OT-800/
Jun  3 17:51:46 C0d3s kernel: [ 9305.393032] usb 1-1: Manufacturer: Alcatel
Jun  3 17:51:46 C0d3s kernel: [ 9305.393036] usb 1-1: SerialNumber: 317509428611220
Jun  3 17:51:46 C0d3s kernel: [ 9305.394419] usb-storage 1-1:1.0: USB Mass Storage device detected
Jun  3 17:51:46 C0d3s kernel: [ 9305.394555] scsi9 : usb-storage 1-1:1.0
Jun  3 17:51:46 C0d3s mtp-probe: checking bus 1, device 11: "/sys/devices/pci0000:00/0000:00:1a.7/usb1/1-1"
Jun  3 17:51:47 C0d3s kernel: [ 9306.379127] usb 1-1: USB disconnect, device number 11
Jun  3 17:51:48 C0d3s kernel: [ 9306.652106] usb 1-1: new high-speed USB device number 12 using ehci-pci
Jun  3 17:51:48 C0d3s kernel: [ 9306.984051] usb 3-1: new full-speed USB device number 3 using uhci_hcd
Jun  3 17:51:48 C0d3s kernel: [ 9307.127109] usb 3-1: not running at top speed; connect to a high speed hub
Jun  3 17:51:48 C0d3s kernel: [ 9307.154111] usb 3-1: New USB device found, idVendor=0e8d, idProduct=0002
Jun  3 17:51:48 C0d3s kernel: [ 9307.154118] usb 3-1: New USB device strings: Mfr=2, Product=3, SerialNumber=4
Jun  3 17:51:48 C0d3s kernel: [ 9307.154123] usb 3-1: Product: OT-800/
Jun  3 17:51:48 C0d3s kernel: [ 9307.154128] usb 3-1: Manufacturer: Alcatel
Jun  3 17:51:48 C0d3s kernel: [ 9307.154132] usb 3-1: SerialNumber: 317509428611220
Jun  3 17:51:48 C0d3s kernel: [ 9307.160190] usb-storage 3-1:1.0: USB Mass Storage device detected
Jun  3 17:51:48 C0d3s kernel: [ 9307.161632] scsi10 : usb-storage 3-1:1.0
Jun  3 17:51:48 C0d3s mtp-probe: checking bus 3, device 3: "/sys/devices/pci0000:00/0000:00:1a.0/usb3/3-1"
Jun  3 17:52:36 C0d3s kernel: [ 9355.460079] usb 3-1: reset full-speed USB device number 3 using uhci_hcd
Jun  3 17:52:41 C0d3s kernel: [ 9360.428066] usb 3-1: reset full-speed USB device number 3 using uhci_hcd
Jun  3 17:52:47 C0d3s kernel: [ 9366.336043] usb 3-1: reset full-speed USB device number 3 using uhci_hcd
Jun  3 17:52:52 C0d3s kernel: [ 9371.312063] usb 3-1: reset full-speed USB device number 3 using uhci_hcd
Jun  3 17:52:57 C0d3s kernel: [ 9376.412047] usb 3-1: reset full-speed USB device number 3 using uhci_hcd
Jun  3 17:53:02 C0d3s kernel: [ 9381.384077] usb 3-1: reset full-speed USB device number 3 using uhci_hcd
Jun  3 17:53:07 C0d3s kernel: [ 9386.484073] usb 3-1: reset full-speed USB device number 3 using uhci_hcd
Jun  3 17:53:12 C0d3s kernel: [ 9391.456068] usb 3-1: reset full-speed USB device number 3 using uhci_hcd
Jun  3 17:53:18 C0d3s kernel: [ 9396.552052] usb 3-1: reset full-speed USB device number 3 using uhci_hcd
Jun  3 17:53:22 C0d3s kernel: [ 9401.528076] usb 3-1: reset full-speed USB device number 3 using uhci_hcd
Jun  3 17:53:28 C0d3s kernel: [ 9406.616042] usb 3-1: reset full-speed USB device number 3 using uhci_hcd
Jun  3 17:53:33 C0d3s kernel: [ 9411.584045] usb 3-1: reset full-speed USB device number 3 using uhci_hcd
